----------------------------------------------------------------
Fri Jan 08 10:54:25 CET 2021:
Booting Derby version The Apache Software Foundation - Apache Derby - 10.14.2.0 - (1828579): instance a816c00e-0176-e16b-26c4-0000082a05d8 
on database directory memory:C:\Users\onure\Desktop\Post-It_V6\1dea9a30-6605-4523-b644-993e8856262d with class loader jdk.internal.loader.ClassLoaders$AppClassLoader@2626b418 
Loaded from file:/C:/Users/onure/.m2/repository/org/apache/derby/derby/10.14.2.0/derby-10.14.2.0.jar
java.vendor=Oracle Corporation
java.runtime.version=14.0.1+7
user.dir=C:\Users\onure\Desktop\Post-It_V6
os.name=Windows 10
os.arch=amd64
os.version=10.0
derby.system.home=null
Database Class Loader started - derby.database.classpath=''
----------------------------------------------------------------
Fri Jan 08 10:54:31 CET 2021:
Booting Derby version The Apache Software Foundation - Apache Derby - 10.14.2.0 - (1828579): instance 5e52817c-0176-e16b-26c4-0000082a05d8 
on database directory memory:C:\Users\onure\Desktop\Post-It_V6\cb3d776c-f90b-45a4-8847-099e5c5a93a9 with class loader jdk.internal.loader.ClassLoaders$AppClassLoader@2626b418 
Loaded from file:/C:/Users/onure/.m2/repository/org/apache/derby/derby/10.14.2.0/derby-10.14.2.0.jar
java.vendor=Oracle Corporation
java.runtime.version=14.0.1+7
user.dir=C:\Users\onure\Desktop\Post-It_V6
os.name=Windows 10
os.arch=amd64
os.version=10.0
derby.system.home=null
Database Class Loader started - derby.database.classpath=''
----------------------------------------------------------------
Fri Jan 08 10:54:32 CET 2021:
Booting Derby version The Apache Software Foundation - Apache Derby - 10.14.2.0 - (1828579): instance 8ef50298-0176-e16b-26c4-0000082a05d8 
on database directory memory:C:\Users\onure\Desktop\Post-It_V6\8577eef4-4c4d-42de-8b45-314a4828a1cb with class loader jdk.internal.loader.ClassLoaders$AppClassLoader@2626b418 
Loaded from file:/C:/Users/onure/.m2/repository/org/apache/derby/derby/10.14.2.0/derby-10.14.2.0.jar
java.vendor=Oracle Corporation
java.runtime.version=14.0.1+7
user.dir=C:\Users\onure\Desktop\Post-It_V6
os.name=Windows 10
os.arch=amd64
os.version=10.0
derby.system.home=null
Database Class Loader started - derby.database.classpath=''
----------------------------------------------------------------
Fri Jan 08 10:54:34 CET 2021:
Booting Derby version The Apache Software Foundation - Apache Derby - 10.14.2.0 - (1828579): instance 0e5b83b4-0176-e16b-26c4-0000082a05d8 
on database directory memory:C:\Users\onure\Desktop\Post-It_V6\fcf8bae3-538f-45de-9c49-2faddc428bf1 with class loader jdk.internal.loader.ClassLoaders$AppClassLoader@2626b418 
Loaded from file:/C:/Users/onure/.m2/repository/org/apache/derby/derby/10.14.2.0/derby-10.14.2.0.jar
java.vendor=Oracle Corporation
java.runtime.version=14.0.1+7
user.dir=C:\Users\onure\Desktop\Post-It_V6
os.name=Windows 10
os.arch=amd64
os.version=10.0
derby.system.home=null
Database Class Loader started - derby.database.classpath=''
----------------------------------------------------------------
Fri Jan 08 10:54:35 CET 2021:
Booting Derby version The Apache Software Foundation - Apache Derby - 10.14.2.0 - (1828579): instance dc8604d0-0176-e16b-26c4-0000082a05d8 
on database directory memory:C:\Users\onure\Desktop\Post-It_V6\b295f3e0-0c4e-4cf4-bcd3-48adcc84df96 with class loader jdk.internal.loader.ClassLoaders$AppClassLoader@2626b418 
Loaded from file:/C:/Users/onure/.m2/repository/org/apache/derby/derby/10.14.2.0/derby-10.14.2.0.jar
java.vendor=Oracle Corporation
java.runtime.version=14.0.1+7
user.dir=C:\Users\onure\Desktop\Post-It_V6
os.name=Windows 10
os.arch=amd64
os.version=10.0
derby.system.home=null
Database Class Loader started - derby.database.classpath=''
----------------------------------------------------------------
Fri Jan 08 10:54:36 CET 2021:
Booting Derby version The Apache Software Foundation - Apache Derby - 10.14.2.0 - (1828579): instance f97485ec-0176-e16b-26c4-0000082a05d8 
on database directory memory:C:\Users\onure\Desktop\Post-It_V6\6f7b8cef-de35-4c8f-9c96-ed3693b494ef with class loader jdk.internal.loader.ClassLoaders$AppClassLoader@2626b418 
Loaded from file:/C:/Users/onure/.m2/repository/org/apache/derby/derby/10.14.2.0/derby-10.14.2.0.jar
java.vendor=Oracle Corporation
java.runtime.version=14.0.1+7
user.dir=C:\Users\onure\Desktop\Post-It_V6
os.name=Windows 10
os.arch=amd64
os.version=10.0
derby.system.home=null
Database Class Loader started - derby.database.classpath=''
----------------------------------------------------------------
Fri Jan 08 10:54:38 CET 2021:
Booting Derby version The Apache Software Foundation - Apache Derby - 10.14.2.0 - (1828579): instance 65270708-0176-e16b-26c4-0000082a05d8 
on database directory memory:C:\Users\onure\Desktop\Post-It_V6\729faabb-49d2-4576-a127-75df6ecaf575 with class loader jdk.internal.loader.ClassLoaders$AppClassLoader@2626b418 
Loaded from file:/C:/Users/onure/.m2/repository/org/apache/derby/derby/10.14.2.0/derby-10.14.2.0.jar
java.vendor=Oracle Corporation
java.runtime.version=14.0.1+7
user.dir=C:\Users\onure\Desktop\Post-It_V6
os.name=Windows 10
os.arch=amd64
os.version=10.0
derby.system.home=null
Database Class Loader started - derby.database.classpath=''
----------------------------------------------------------------
Fri Jan 08 10:54:39 CET 2021:
Booting Derby version The Apache Software Foundation - Apache Derby - 10.14.2.0 - (1828579): instance 1f9d8824-0176-e16b-26c4-0000082a05d8 
on database directory memory:C:\Users\onure\Desktop\Post-It_V6\a22fa80a-4607-446a-a953-d3adc7158469 with class loader jdk.internal.loader.ClassLoaders$AppClassLoader@2626b418 
Loaded from file:/C:/Users/onure/.m2/repository/org/apache/derby/derby/10.14.2.0/derby-10.14.2.0.jar
java.vendor=Oracle Corporation
java.runtime.version=14.0.1+7
user.dir=C:\Users\onure\Desktop\Post-It_V6
os.name=Windows 10
os.arch=amd64
os.version=10.0
derby.system.home=null
Database Class Loader started - derby.database.classpath=''
